# JRE version: OpenJDK Runtime Environment (8.0_152-b06) (build 1.8.0_152-release-1136-b06)
# Java VM: OpenJDK 64-Bit Server VM (25.152-b06 mixed mode windows-amd64 compressed oops)
Heap:
 PSYoungGen      total 136192K, used 88340K [0x00000000e0000000, 0x00000000eb780000, 0x0000000100000000)
  eden space 124416K, 61% used [0x00000000e0000000,0x00000000e4ac9618,0x00000000e7980000)
  from space 11776K, 99% used [0x00000000e7980000,0x00000000e84fbbe8,0x00000000e8500000)
  to   space 15872K, 0% used [0x00000000ea800000,0x00000000ea800000,0x00000000eb780000)
 ParOldGen       total 99840K, used 23826K [0x00000000a0000000, 0x00000000a6180000, 0x00000000e0000000)
  object space 99840K, 23% used [0x00000000a0000000,0x00000000a1744bb8,0x00000000a6180000)
 Metaspace       used 55634K, capacity 57306K, committed 57432K, reserved 1099776K
  class space    used 7574K, capacity 7960K, committed 8064K, reserved 1048576K
GC Heap History (10 events):
Event: 21.480 GC heap before
{Heap before GC invocations=7 (full 1):
 PSYoungGen      total 67584K, used 67576K [0x00000000e0000000, 0x00000000e6880000, 0x0000000100000000)
  eden space 62464K, 100% used [0x00000000e0000000,0x00000000e3d00000,0x00000000e3d00000)
  from space 5120K, 99% used [0x00000000e3d00000,0x00000000e41fe240,0x00000000e4200000)
  to   space 11264K, 0% used [0x00000000e5d80000,0x00000000e5d80000,0x00000000e6880000)
 ParOldGen       total 65536K, used 10916K [0x00000000a0000000, 0x00000000a4000000, 0x00000000e0000000)
  object space 65536K, 16% used [0x00000000a0000000,0x00000000a0aa9308,0x00000000a4000000)
 Metaspace       used 29926K, capacity 30478K, committed 30720K, reserved 1075200K
  class space    used 4178K, capacity 4349K, committed 4352K, reserved 1048576K
Event: 21.579 GC heap after
Heap after GC invocations=7 (full 1):
 PSYoungGen      total 96256K, used 7900K [0x00000000e0000000, 0x00000000e6a00000, 0x0000000100000000)
  eden space 84992K, 0% used [0x00000000e0000000,0x00000000e0000000,0x00000000e5300000)
  from space 11264K, 70% used [0x00000000e5d80000,0x00000000e6537210,0x00000000e6880000)
  to   space 10752K, 0% used [0x00000000e5300000,0x00000000e5300000,0x00000000e5d80000)
 ParOldGen       total 65536K, used 10924K [0x00000000a0000000, 0x00000000a4000000, 0x00000000e0000000)
  object space 65536K, 16% used [0x00000000a0000000,0x00000000a0aab308,0x00000000a4000000)
 Metaspace       used 29926K, capacity 30478K, committed 30720K, reserved 1075200K
  class space    used 4178K, capacity 4349K, committed 4352K, reserved 1048576K
}
Event: 23.862 GC heap before
{Heap before GC invocations=8 (full 1):
 PSYoungGen      total 96256K, used 43163K [0x00000000e0000000, 0x00000000e6a00000, 0x0000000100000000)
  eden space 84992K, 41% used [0x00000000e0000000,0x00000000e226fd98,0x00000000e5300000)
  from space 11264K, 70% used [0x00000000e5d80000,0x00000000e6537210,0x00000000e6880000)
  to   space 10752K, 0% used [0x00000000e5300000,0x00000000e5300000,0x00000000e5d80000)
 ParOldGen       total 65536K, used 10924K [0x00000000a0000000, 0x00000000a4000000, 0x00000000e0000000)
  object space 65536K, 16% used [0x00000000a0000000,0x00000000a0aab308,0x00000000a4000000)
 Metaspace       used 34631K, capacity 35200K, committed 35416K, reserved 1079296K
  class space    used 4804K, capacity 4988K, committed 4992K, reserved 1048576K
Event: 23.952 GC heap after
Heap after GC invocations=8 (full 1):
 PSYoungGen      total 95744K, used 9727K [0x00000000e0000000, 0x00000000e9300000, 0x0000000100000000)
  eden space 84992K, 0% used [0x00000000e0000000,0x00000000e0000000,0x00000000e5300000)
  from space 10752K, 90% used [0x00000000e5300000,0x00000000e5c7fc38,0x00000000e5d80000)
  to   space 11776K, 0% used [0x00000000e8780000,0x00000000e8780000,0x00000000e9300000)
 ParOldGen       total 65536K, used 10932K [0x00000000a0000000, 0x00000000a4000000, 0x00000000e0000000)
  object space 65536K, 16% used [0x00000000a0000000,0x00000000a0aad308,0x00000000a4000000)
 Metaspace       used 34631K, capacity 35200K, committed 35416K, reserved 1079296K
  class space    used 4804K, capacity 4988K, committed 4992K, reserved 1048576K
}
Event: 23.952 GC heap before
{Heap before GC invocations=9 (full 2):
 PSYoungGen      total 95744K, used 9727K [0x00000000e0000000, 0x00000000e9300000, 0x0000000100000000)
  eden space 84992K, 0% used [0x00000000e0000000,0x00000000e0000000,0x00000000e5300000)
  from space 10752K, 90% used [0x00000000e5300000,0x00000000e5c7fc38,0x00000000e5d80000)
  to   space 11776K, 0% used [0x00000000e8780000,0x00000000e8780000,0x00000000e9300000)
 ParOldGen       total 65536K, used 10932K [0x00000000a0000000, 0x00000000a4000000, 0x00000000e0000000)
  object space 65536K, 16% used [0x00000000a0000000,0x00000000a0aad308,0x00000000a4000000)
 Metaspace       used 34631K, capacity 35200K, committed 35416K, reserved 1079296K
  class space    used 4804K, capacity 4988K, committed 4992K, reserved 1048576K
Event: 24.274 GC heap after
Heap after GC invocations=9 (full 2):
 PSYoungGen      total 95744K, used 0K [0x00000000e0000000, 0x00000000e9300000, 0x0000000100000000)
  eden space 84992K, 0% used [0x00000000e0000000,0x00000000e0000000,0x00000000e5300000)
  from space 10752K, 0% used [0x00000000e5300000,0x00000000e5300000,0x00000000e5d80000)
  to   space 11776K, 0% used [0x00000000e8780000,0x00000000e8780000,0x00000000e9300000)
 ParOldGen       total 99840K, used 16343K [0x00000000a0000000, 0x00000000a6180000, 0x00000000e0000000)
  object space 99840K, 16% used [0x00000000a0000000,0x00000000a0ff5f48,0x00000000a6180000)
 Metaspace       used 34631K, capacity 35200K, committed 35416K, reserved 1079296K
  class space    used 4804K, capacity 4988K, committed 4992K, reserved 1048576K
}
Event: 29.227 GC heap before
{Heap before GC invocations=10 (full 2):
 PSYoungGen      total 95744K, used 84992K [0x00000000e0000000, 0x00000000e9300000, 0x0000000100000000)
  eden space 84992K, 100% used [0x00000000e0000000,0x00000000e5300000,0x00000000e5300000)
  from space 10752K, 0% used [0x00000000e5300000,0x00000000e5300000,0x00000000e5d80000)
  to   space 11776K, 0% used [0x00000000e8780000,0x00000000e8780000,0x00000000e9300000)
 ParOldGen       total 99840K, used 16343K [0x00000000a0000000, 0x00000000a6180000, 0x00000000e0000000)
  object space 99840K, 16% used [0x00000000a0000000,0x00000000a0ff5f48,0x00000000a6180000)
 Metaspace       used 40162K, capacity 40890K, committed 41304K, reserved 1085440K
  class space    used 5448K, capacity 5661K, committed 5760K, reserved 1048576K
Event: 29.339 GC heap after
Heap after GC invocations=10 (full 2):
 PSYoungGen      total 133120K, used 9057K [0x00000000e0000000, 0x00000000e9080000, 0x0000000100000000)
  eden space 123904K, 0% used [0x00000000e0000000,0x00000000e0000000,0x00000000e7900000)
  from space 9216K, 98% used [0x00000000e8780000,0x00000000e9058668,0x00000000e9080000)
  to   space 11776K, 0% used [0x00000000e7980000,0x00000000e7980000,0x00000000e8500000)
 ParOldGen       total 99840K, used 16351K [0x00000000a0000000, 0x00000000a6180000, 0x00000000e0000000)
  object space 99840K, 16% used [0x00000000a0000000,0x00000000a0ff7f48,0x00000000a6180000)
 Metaspace       used 40162K, capacity 40890K, committed 41304K, reserved 1085440K
  class space    used 5448K, capacity 5661K, committed 5760K, reserved 1048576K
}
Event: 39.150 GC heap before
{Heap before GC invocations=11 (full 2):
 PSYoungGen      total 133120K, used 132961K [0x00000000e0000000, 0x00000000e9080000, 0x0000000100000000)
  eden space 123904K, 100% used [0x00000000e0000000,0x00000000e7900000,0x00000000e7900000)
  from space 9216K, 98% used [0x00000000e8780000,0x00000000e9058668,0x00000000e9080000)
  to   space 11776K, 0% used [0x00000000e7980000,0x00000000e7980000,0x00000000e8500000)
 ParOldGen       total 99840K, used 16351K [0x00000000a0000000, 0x00000000a6180000, 0x00000000e0000000)
  object space 99840K, 16% used [0x00000000a0000000,0x00000000a0ff7f48,0x00000000a6180000)
 Metaspace       used 51658K, capacity 53094K, committed 53208K, reserved 1095680K
  class space    used 6986K, capacity 7392K, committed 7424K, reserved 1048576K
Event: 39.263 GC heap after
Heap after GC invocations=11 (full 2):
 PSYoungGen      total 136192K, used 11758K [0x00000000e0000000, 0x00000000eb780000, 0x0000000100000000)
  eden space 124416K, 0% used [0x00000000e0000000,0x00000000e0000000,0x00000000e7980000)
  from space 11776K, 99% used [0x00000000e7980000,0x00000000e84fbbe8,0x00000000e8500000)
  to   space 15872K, 0% used [0x00000000ea800000,0x00000000ea800000,0x00000000eb780000)
 ParOldGen       total 99840K, used 23826K [0x00000000a0000000, 0x00000000a6180000, 0x00000000e0000000)
  object space 99840K, 23% used [0x00000000a0000000,0x00000000a1744bb8,0x00000000a6180000)
 Metaspace       used 51658K, capacity 53094K, committed 53208K, reserved 1095680K
  class space    used 6986K, capacity 7392K, committed 7424K, reserved 1048576K
}

